============================= test session starts =============================
platform win32 -- Python 3.7.1, pytest-4.3.1, py-1.8.0, pluggy-0.8.1
Using --randomly-seed=1553412272
rootdir: E:\GIT\wemake, inifile: setup.cfg
plugins: randomly-2.1.0, cov-2.6.1
collected 8544 items

tests\test_checker\test_module_names.py .........                        [  0%]
tests\test_visitors\test_ast\test_builtins\test_assign\test_unpacking_rules.py . [  0%]
.....................................                                    [  0%]
tests\test_visitors\test_tokenize\test_comments\test_empty_line_after_coding.py . [  0%]
.......                                                                  [  0%]
tests\test_visitors\test_ast\test_exceptions\test_try_finally.py ....    [  0%]
tests\test_visitors\test_ast\test_loops\test_loops\test_variable_definitions_loops.py . [  0%]
.............                                                            [  0%]
tests\test_visitors\test_ast\test_functions\test_boolean_args.py ....... [  0%]
...........                                                              [  1%]
tests\test_visitors\test_ast\test_complexity\test_function\test_expressions.py . [  1%]
.........                                                                [  1%]
tests\test_visitors\test_base.py ...                                     [  1%]
tests\test_visitors\test_ast\test_conditions\test_negated_conditions.py . [  1%]
...............                                                          [  1%]
wemake_python_styleguide\logics\functions.py .                           [  1%]
wemake_python_styleguide\logics\naming\logical.py ..                     [  1%]
wemake_python_styleguide\logics\functions.py .                           [  1%]
wemake_python_styleguide\logics\naming\access.py .                       [  1%]
wemake_python_styleguide\logics\filenames.py .                           [  1%]
wemake_python_styleguide\logics\naming\access.py .                       [  1%]
wemake_python_styleguide\logics\naming\builtins.py .                     [  1%]
wemake_python_styleguide\logics\naming\logical.py ...                    [  1%]
wemake_python_styleguide\violations\best_practices.py .                  [  1%]
wemake_python_styleguide\logics\naming\logical.py ..                     [  1%]
wemake_python_styleguide\logics\naming\access.py .                       [  1%]
tests\test_visitors\test_ast\test_exceptions\test_finally_return_path.py . [  1%]
............                                                             [  1%]
tests\test_visitors\test_ast\test_keywords\test_context_managers\test_context_manager_targets.py . [  1%]
.......                                                                  [  1%]
tests\test_visitors\test_ast\test_functions\test_super_call.py ......... [  1%]
.....                                                                    [  1%]
tests\test_visitors\test_ast\test_complexity\test_counts\test_module_counts.py . [  2%]
.......................                                                  [  2%]
tests\test_visitors\test_ast\test_comparisons\test_conditionals.py ..... [  2%]
...............................................................          [  3%]
tests\test_visitors\test_filenames\test_module\test_module_name.py ..... [  3%]
...                                                                      [  3%]
tests\test_visitors\test_ast\test_exceptions\test_useless_except_case.py . [  3%]
.......                                                                  [  3%]
tests\test_visitors\test_ast\test_complexity\test_function\test_local_variables.py . [  3%]
.......................                                                  [  3%]
tests\test_visitors\test_tokenize\test_primitives\test_string_tokens\test_unicode_prefix.py . [  3%]
........................................................................ [  4%]
...........................................................              [  5%]
tests\test_visitors\test_filenames\test_module\test_module_name_length.py . [  5%]
.........                                                                [  5%]
tests\test_visitors\test_tokenize\test_primitives\test_string_tokens\test_string_multiline.py . [  5%]
........................................................................ [  6%]
........................................................................ [  6%]
...................................                                      [  7%]
tests\test_visitors\test_ast\test_builtins\test_magic_numbers.py ....... [  7%]
........................................................................ [  8%]
........................................................................ [  9%]
........................................................................ [  9%]
........................................................................ [ 10%]
........................................................................ [ 11%]
........................................................................ [ 12%]
...............................................                          [ 12%]
tests\test_plugins.py .                                                  [ 13%]
tests\test_visitors\test_ast\test_complexity\test_counts\test_decorators.py . [ 13%]
...............                                                          [ 13%]
tests\test_visitors\test_ast\test_naming\test_naming_rules\test_wrong_names.py . [ 13%]
........................................................................ [ 14%]
........................................................................ [ 14%]
........................................................................ [ 15%]
........................................................................ [ 16%]
........................................................................ [ 17%]
........................................................................ [ 18%]
........................................................................ [ 19%]
........................................................................ [ 19%]
........................................................................ [ 20%]
........................................................................ [ 21%]
........................................................................ [ 22%]
........................................................................ [ 23%]
........................................................................ [ 24%]
........................................................................ [ 25%]
........................................................................ [ 25%]
........................................................................ [ 26%]
........................................................................ [ 27%]
........................................................................ [ 28%]
...................................................................      [ 29%]
tests\test_visitors\test_ast\test_loops\test_comprehensions\test_yield_inside_comprehension.py . [ 29%]
...........                                                              [ 29%]
tests\test_visitors\test_ast\test_complexity\test_function\test_returns.py . [ 29%]
.........                                                                [ 29%]
tests\test_visitors\test_tokenize\test_primitives\test_string_tokens\test_implicit_string_concatenation.py . [ 29%]
......                                                                   [ 29%]
tests\test_visitors\test_ast\test_naming\test_naming_rules\test_unicode.py . [ 29%]
........................................................................ [ 30%]
........................................................................ [ 31%]
........................................................................ [ 32%]
...                                                                      [ 32%]
tests\test_visitors\test_ast\test_attributes\test_protected_attributes.py . [ 32%]
.........................................                                [ 32%]
tests\test_visitors\test_ast\test_keywords\test_consistency_returning\test_consistency_yield.py . [ 32%]
.................                                                        [ 32%]
tests\test_visitors\test_ast\test_exceptions\test_base_exception.py ...  [ 32%]
tests\test_visitors\test_tokenize\test_primitives\test_numbers\test_underscored_numbers.py . [ 32%]
........................................................................ [ 33%]
...........................................................              [ 34%]
tests\test_visitors\test_ast\test_imports\test_protected_import.py ..... [ 34%]
.                                                                        [ 34%]
tests\test_visitors\test_ast\test_loops\test_loops\test_lambda_in_loop.py . [ 34%]
.......                                                                  [ 34%]
tests\test_visitors\test_ast\test_annotations\test_return_annotations.py . [ 34%]
.............                                                            [ 34%]
tests\test_visitors\test_ast\test_conditions\test_useful_else.py ....... [ 34%]
.......                                                                  [ 34%]
tests\test_visitors\test_ast\test_keywords\test_global.py ..........     [ 34%]
tests\test_visitors\test_tokenize\test_comments\test_noqa_count.py ..... [ 35%]
.                                                                        [ 35%]
tests\test_visitors\test_ast\test_complexity\test_counts\test_condition_counts.py . [ 35%]
....................                                                     [ 35%]
tests\test_visitors\test_ast\test_complexity\test_nested\test_nested_functions.py . [ 35%]
............................                                             [ 35%]
tests\test_visitors\test_filenames\test_module\test_module_underscore_number.py . [ 35%]
...                                                                      [ 35%]
tests\test_visitors\test_ast\test_complexity\test_nested\test_nested_classes.py . [ 35%]
.......................                                                  [ 35%]
tests\test_visitors\test_ast\test_naming\test_naming_rules\test_consecutive_underscore.py . [ 35%]
........................................................................ [ 36%]
........................................................................ [ 37%]
...............................                                          [ 38%]
tests\test_visitors\test_ast\test_complexity\test_counts\test_method_counts.py . [ 38%]
..................                                                       [ 38%]
tests\test_visitors\test_ast\test_complexity\test_counts\test_elifs.py . [ 38%]
.......................                                                  [ 38%]
tests\test_visitors\test_ast\test_functions\test_complex_default_values.py . [ 38%]
.......                                                                  [ 38%]
tests\test_visitors\test_ast\test_loops\test_loops\test_useless_conitue.py . [ 38%]
...........                                                              [ 38%]
tests\test_visitors\test_ast\test_classes\test_methods\test_yield_inside_init.py . [ 38%]
.......                                                                  [ 38%]
tests\test_visitors\test_tokenize\test_primitives\test_numbers\test_number_suffixes.py . [ 38%]
........................................................................ [ 39%]
........................................................................ [ 40%]
........................................................................ [ 41%]
.......                                                                  [ 41%]
tests\test_regressions\test_regression112.py .                           [ 41%]
tests\test_visitors\test_ast\test_complexity\test_counts\test_imports_counts.py . [ 41%]
....                                                                     [ 41%]
tests\test_visitors\test_ast\test_naming\test_naming_rules\test_private.py . [ 41%]
...........................................                              [ 42%]
tests\test_visitors\test_tokenize\test_statements\test_extra_indentation.py . [ 42%]
..........                                                               [ 42%]
tests\test_checker\test_presets.py .                                     [ 42%]
tests\test_visitors\test_tokenize\test_comments\test_no_cover_comment.py . [ 42%]
...                                                                      [ 42%]
tests\test_visitors\test_ast\test_statements\test_statements_with_no_effect.py . [ 42%]
........................................................................ [ 43%]
........................................................................ [ 43%]
........................................................................ [ 44%]
                                                                         [ 44%]
tests\test_visitors\test_ast\test_naming\test_naming_rules\test_short.py . [ 44%]
........................................................................ [ 45%]
.....................................                                    [ 46%]
tests\test_visitors\test_ast\test_classes\test_base_classes\test_base_exception_base_class.py . [ 46%]
                                                                         [ 46%]
tests\test_visitors\test_ast\test_complexity\test_offset_visitor.py .... [ 46%]
......................................                                   [ 46%]
tests\test_violations\test_docs.py ....                                  [ 46%]
tests\test_visitors\test_ast\test_naming\test_class_attributes.py ...... [ 46%]
........                                                                 [ 46%]
tests\test_visitors\test_ast\test_comparisons\test_literal.py .......... [ 46%]
........................................................................ [ 47%]
.............                                                            [ 47%]
tests\test_visitors\test_tokenize\test_comments\test_typed_ast.py ...... [ 47%]
...........                                                              [ 48%]
tests\test_visitors\test_ast\test_classes\test_wrong_class_body.py ..... [ 48%]
...................                                                      [ 48%]
tests\test_visitors\test_ast\test_builtins\test_formatted_string.py .... [ 48%]
......                                                                   [ 48%]
tests\test_visitors\test_ast\test_keywords\test_del.py ...               [ 48%]
tests\test_visitors\test_ast\test_imports\test_future_imports.py ....... [ 48%]
....                                                                     [ 48%]
tests\test_visitors\test_ast\test_statements\test_parameters_indentation\test_base_classes_indentation.py . [ 48%]
.........                                                                [ 48%]
tests\test_visitors\test_ast\test_keywords\test_pass.py .....            [ 48%]
tests\test_visitors\test_ast\test_attributes\test_magic_attributes.py .. [ 48%]
..............................................                           [ 49%]
tests\test_visitors\test_ast\test_complexity\test_jones\test_module_complexity.py . [ 49%]
...............                                                          [ 49%]
tests\test_visitors\test_ast\test_naming\test_variable_usages.py ....... [ 49%]
........................................................................ [ 50%]
........................................................................ [ 51%]
........................................................................ [ 52%]
........................................................................ [ 53%]
........................................................................ [ 53%]
........................................................................ [ 54%]
........................................................................ [ 55%]
........................................................................ [ 56%]
........................................................................ [ 57%]
........................................................................ [ 58%]
........................................................................ [ 58%]
........................................................................ [ 59%]
........................................................................ [ 60%]
........................................................................ [ 61%]
........................................................................ [ 62%]
........................................................................ [ 63%]
...........                                                              [ 63%]
tests\test_visitors\test_ast\test_annotations\test_argument_annotations.py . [ 63%]
.............                                                            [ 63%]
tests\test_visitors\test_ast\test_complexity\test_counts\test_try_except.py . [ 63%]
...                                                                      [ 63%]
tests\test_visitors\test_ast\test_complexity\test_jones\test_line_complexity.py . [ 63%]
..............................                                           [ 63%]
tests\test_visitors\test_ast\test_classes\test_methods\test_staticmethod.py . [ 63%]
.......                                                                  [ 63%]
tests\test_visitors\test_ast\test_comparisons\test_simplifiable_ifs\test_simplifiable_if_expr.py . [ 63%]
.......                                                                  [ 64%]
tests\test_visitors\test_ast\test_classes\test_base_classes\test_object_base_class.py . [ 64%]
...............                                                          [ 64%]
tests\test_visitors\test_ast\test_statements\test_unreachable_code.py .. [ 64%]
............................................                             [ 64%]
tests\test_visitors\test_ast\test_classes\test_methods\test_magic_methods.py . [ 64%]
.........................                                                [ 65%]
tests\test_visitors\test_ast\test_naming\test_variable_self_reassignment.py . [ 65%]
......                                                                   [ 65%]
tests\test_visitors\test_tokenize\test_statements\test_bracket_lines.py . [ 65%]
................                                                         [ 65%]
tests\test_visitors\test_ast\test_statements\test_parameters_indentation\test_call_indentation.py . [ 65%]
...............                                                          [ 65%]
tests\test_visitors\test_ast\test_naming\test_naming_rules\test_restricted_argument.py . [ 65%]
........................................................................ [ 66%]
...........................................................              [ 67%]
tests\test_visitors\test_ast\test_statements\test_parameters_indentation\test_collection_indentation.py . [ 67%]
................................                                         [ 67%]
tests\test_visitors\test_ast\test_naming\test_first_arguments.py ....... [ 67%]
.................                                                        [ 67%]
tests\test_visitors\test_tokenize\test_primitives\test_string_tokens\test_string_modifier.py . [ 67%]
........................................................................ [ 68%]
........................................................................ [ 69%]
........................................................................ [ 70%]
........................................................................ [ 71%]
........................................................................ [ 71%]
........................................................................ [ 72%]
........................................................................ [ 73%]
........................................................................ [ 74%]
...............................................                          [ 75%]
tests\test_visitors\test_tokenize\test_primitives\test_numbers\test_partial_floats.py . [ 75%]
........................................................................ [ 75%]
...............................................                          [ 76%]
tests\test_visitors\test_ast\test_conditions\test_redundant_returnin_else.py . [ 76%]
..............................                                           [ 76%]
tests\test_visitors\test_ast\test_builtins\test_assign\test_multiple_assign.py . [ 76%]
....                                                                     [ 76%]
tests\test_visitors\test_ast\test_imports\test_dotted_raw_import.py .... [ 76%]
..........                                                               [ 77%]
tests\test_visitors\test_ast\test_complexity\test_function\test_arguments_lambda.py . [ 77%]
.................                                                        [ 77%]
tests\test_violations\test_codes.py ..                                   [ 77%]
tests\test_visitors\test_ast\test_exceptions\test_duplicate_exceptions.py . [ 77%]
..........                                                               [ 77%]
tests\test_visitors\test_ast\test_functions\test_unused_variables.py ... [ 77%]
.................                                                        [ 77%]
tests\test_visitors\test_filenames\test_module\test_module_pattern.py .. [ 77%]
.......                                                                  [ 77%]
tests\test_visitors\test_ast\test_classes\test_methods\test_method_without_arguments.py . [ 77%]
...............................                                          [ 78%]
tests\test_visitors\test_ast\test_loops\test_comprehensions\test_ifs_count.py . [ 78%]
...............................                                          [ 78%]
tests\test_visitors\test_tokenize\test_comments\test_wrong_doc_comment.py . [ 78%]
.........                                                                [ 78%]
tests\test_visitors\test_ast\test_loops\test_comprehensions\test_variable_definition_comprehensions.py . [ 78%]
...................................                                      [ 79%]
tests\test_version.py .                                                  [ 79%]
tests\test_visitors\test_decorators\test_alias_decorator.py .            [ 79%]
tests\test_visitors\test_ast\test_functions\test_wrong_function_calls.py . [ 79%]
........................................................................ [ 79%]
.....................................................                    [ 80%]
tests\test_visitors\test_ast\test_loops\test_loops\test_loop_with_else.py . [ 80%]
.........................                                                [ 80%]
tests\test_visitors\test_ast\test_modules\test_empty_modules.py ....     [ 80%]
tests\test_visitors\test_ast\test_naming\test_naming_rules\test_underscored_number.py . [ 80%]
........................................................................ [ 81%]
...........................................................              [ 82%]
tests\test_visitors\test_ast\test_complexity\test_function\test_arguments.py . [ 82%]
...................................................                      [ 83%]
tests\test_visitors\test_ast\test_builtins\test_useless_operators_before_numbers.py . [ 83%]
........................................................................ [ 83%]
........................................................................ [ 84%]
........................................................................ [ 85%]
...................................                                      [ 85%]
tests\test_visitors\test_ast\test_imports\test_same_alias_import.py .... [ 86%]
....                                                                     [ 86%]
tests\test_visitors\test_ast\test_keywords\test_raise_notimplemented.py . [ 86%]
................................                                         [ 86%]
tests\test_visitors\test_ast\test_statements\test_useless_node.py ...... [ 86%]
............................................                             [ 87%]
tests\test_visitors\test_ast\test_comparisons\test_redundant.py ........ [ 87%]
........................................................................ [ 87%]
.....................                                                    [ 88%]
tests\test_visitors\test_ast\test_loops\test_comprehensions\test_for_count.py . [ 88%]
.........                                                                [ 88%]
tests\test_visitors\test_ast\test_exceptions\test_nested_try_blocks.py . [ 88%]
.....                                                                    [ 88%]
tests\test_visitors\test_ast\test_builtins\test_set_elements.py ........ [ 88%]
.....................                                                    [ 88%]
tests\test_visitors\test_ast\test_classes\test_base_classes\test_expression_base_class.py . [ 88%]
............                                                             [ 88%]
tests\test_visitors\test_tokenize\test_keywords\test_keywords_spaces.py . [ 88%]
..........................                                               [ 89%]
tests\test_visitors\test_ast\test_comparisons\test_order.py ............ [ 89%]
........................................................................ [ 90%]
........................................................................ [ 91%]
........................................................................ [ 91%]
..........                                                               [ 91%]
tests\test_visitors\test_ast\test_modules\test_empty_init.py .........   [ 92%]
tests\test_visitors\test_ast\test_keywords\test_consistency_returning\test_consistency_return.py . [ 92%]
...............                                                          [ 92%]
tests\test_visitors\test_ast\test_imports\test_relative_imports.py ..... [ 92%]
...                                                                      [ 92%]
tests\test_violations\test_definition_order.py ..                        [ 92%]
tests\test_visitors\test_ast\test_naming\test_naming_rules\test_correct.py . [ 92%]
........................................................................ [ 93%]
........................................................................ [ 94%]
...............................                                          [ 94%]
tests\test_visitors\test_ast\test_statements\test_parameters_indentation\test_function_indentation.py . [ 94%]
..........                                                               [ 94%]
tests\test_visitors\test_ast\test_comparisons\test_multiple_in.py ...... [ 94%]
............                                                             [ 94%]
tests\test_visitors\test_ast\test_comparisons\test_simplifiable_ifs\test_simplifiable_if_node.py . [ 94%]
........................................                                 [ 95%]
tests\test_visitors\test_ast\test_naming\test_naming_rules\test_trailing_underscore.py . [ 95%]
........................................................................ [ 96%]
........................................................................ [ 96%]
........................................................................ [ 97%]
...                                                                      [ 97%]
tests\test_visitors\test_ast\test_naming\test_module_metadata.py ....... [ 97%]
....                                                                     [ 97%]
tests\test_checker\test_noqa.py ..F                                      [ 98%]
tests\test_visitors\test_ast\test_keywords\test_context_managers\test_context_managers_definitions.py . [ 98%]
.............                                                            [ 98%]
tests\test_visitors\test_filenames\test_module\test_module_underscores.py . [ 98%]
.......                                                                  [ 98%]
tests\test_visitors\test_ast\test_classes\test_class_attributes\test_slots_syntax.py . [ 98%]
............                                                             [ 98%]
tests\test_visitors\test_filenames\test_module\test_module_magic_name.py . [ 98%]
....                                                                     [ 98%]
tests\test_options.py ..                                                 [ 98%]
tests\test_visitors\test_ast\test_imports\test_nested_imports.py ....... [ 98%]
..                                                                       [ 98%]
tests\test_visitors\test_ast\test_complexity\test_classes\test_bases_classes_counts.py . [ 98%]
.....                                                                    [ 98%]
tests\test_visitors\test_ast\test_naming\test_naming_rules\test_long.py . [ 98%]
........................................................................ [ 99%]
...............                                                          [ 99%]
tests\test_violations\test_implementation.py ..                          [ 99%]
tests\test_visitors\test_ast\test_classes\test_base_classes\test_object_as_parent.py . [ 99%]
..                                                                       [ 99%]
tests\test_visitors\test_tokenize\test_comments\test_noqa_comment.py ... [ 99%]
................                                                         [100%]

================================== FAILURES ===================================
_________________________ test_noqa_fixture_disabled __________________________

absolute_path = <function absolute_path.<locals>.factory at 0x000001ED410C6400>
all_violations = [<class 'wemake_python_styleguide.violations.naming.ConsecutiveUnderscoresInNameViolation'>, <class 'wemake_python_sty...lations.naming.TooLongNameViolation'>, <class 'wemake_python_styleguide.violations.naming.TooShortNameViolation'>, ...]

    def test_noqa_fixture_disabled(absolute_path, all_violations):
        """End-to-End test to check that all violations are present."""
        errors = {
            'Z100': 0,
            'Z101': 0,
            'Z102': 0,
    
            'Z110': 3,
            'Z111': 1,
            'Z112': 1,
            'Z113': 1,
            'Z114': 1,
            'Z115': 1,
            'Z116': 1,
            'Z117': 1,
            'Z118': 1,
            'Z119': 1,
            'Z120': 1,
            'Z121': 1,
    
            'Z200': 0,
            'Z201': 0,
            'Z202': 0,
    
            'Z210': 1,
            'Z211': 1,
            'Z212': 1,
            'Z213': 1,
            'Z214': 0,
            'Z215': 1,
            'Z216': 0,
    
            'Z220': 1,
            'Z221': 2,
            'Z222': 1,
            'Z223': 1,
            'Z224': 1,
            'Z225': 1,
    
            'Z300': 1,
            'Z301': 1,
            'Z302': 1,
            'Z303': 1,
            'Z304': 1,
            'Z305': 1,
            'Z306': 2,
            'Z307': 1,
            'Z308': 1,
            'Z309': 1,
            'Z310': 4,
            'Z311': 1,
            'Z312': 1,
            'Z313': 1,
            'Z314': 1,
            'Z315': 1,
            'Z316': 0,
            'Z317': 1,
            'Z318': 3,
            'Z319': 2,
            'Z320': 2,
            'Z321': 1,
            'Z322': 1,
            'Z323': 0,
            'Z324': 1,
            'Z325': 1,
            'Z326': 1,
            'Z327': 1,
            'Z328': 2,
            'Z329': 1,
            'Z330': 1,
    
            'Z400': 0,
            'Z401': 0,
            'Z402': 0,
            'Z403': 0,
    
            'Z410': 1,
            'Z411': 0,
            'Z412': 0,
            'Z420': 2,
            'Z421': 1,
            'Z422': 1,
            'Z423': 1,
            'Z424': 1,
            'Z425': 1,
    
            'Z430': 1,
            'Z431': 2,
            'Z432': 2,
            'Z433': 2,
            'Z434': 1,
            'Z435': 1,
            'Z436': 1,
            'Z437': 1,
            'Z438': 1,
            'Z439': 1,
            'Z440': 1,
            'Z441': 1,
            'Z442': 1,
            'Z443': 1,
            'Z444': 2,
            'Z445': 1,
            'Z446': 1,
            'Z447': 1,
            'Z448': 1,
            'Z449': 1,
            'Z450': 1,
            'Z451': 2,
            'Z452': 2,
            'Z453': 1,
            'Z454': 1,
            'Z455': 1,
            'Z456': 1,
            'Z457': 1,
            'Z458': 1,
            'Z459': 1,
            'Z460': 1,
            'Z461': 1,
            'Z462': 1,
            'Z463': 1,
            'Z464': 1,
        }
    
        process = subprocess.Popen(
            [
                'flake8',
                '--ignore',
                ','.join(IGNORED_VIOLATIONS),
                '--disable-noqa',
                '--isolated',
                '--select',
                'Z',
                absolute_path('fixtures', 'noqa.py'),
            ],
            stdout=subprocess.PIPE,
            stderr=subprocess.PIPE,
            universal_newlines=True,
            encoding='utf8',
        )
>       stdout, _ = process.communicate()

tests\test_checker\test_noqa.py:172: 
_ _ _ _ _ _ _ _ _ _ _ _ _ _ _ _ _ _ _ _ _ _ _ _ _ _ _ _ _ _ _ _ _ _ _ _ _ _ _ _
C:\Users\shok\AppData\Local\Programs\Python\Python37\lib\subprocess.py:933: in communicate
    stdout, stderr = self._communicate(input, endtime, timeout)
_ _ _ _ _ _ _ _ _ _ _ _ _ _ _ _ _ _ _ _ _ _ _ _ _ _ _ _ _ _ _ _ _ _ _ _ _ _ _ _

self = <subprocess.Popen object at 0x000001ED45835A20>, input = None
endtime = None, orig_timeout = None

    def _communicate(self, input, endtime, orig_timeout):
        # Start reader threads feeding into a list hanging off of this
        # object, unless they've already been started.
        if self.stdout and not hasattr(self, "_stdout_buff"):
            self._stdout_buff = []
            self.stdout_thread = \
                    threading.Thread(target=self._readerthread,
                                     args=(self.stdout, self._stdout_buff))
            self.stdout_thread.daemon = True
            self.stdout_thread.start()
        if self.stderr and not hasattr(self, "_stderr_buff"):
            self._stderr_buff = []
            self.stderr_thread = \
                    threading.Thread(target=self._readerthread,
                                     args=(self.stderr, self._stderr_buff))
            self.stderr_thread.daemon = True
            self.stderr_thread.start()
    
        if self.stdin:
            self._stdin_write(input)
    
        # Wait for the reader threads, or time out.  If we time out, the
        # threads remain reading and the fds left open in case the user
        # calls communicate again.
        if self.stdout is not None:
            self.stdout_thread.join(self._remaining_time(endtime))
            if self.stdout_thread.is_alive():
                raise TimeoutExpired(self.args, orig_timeout)
        if self.stderr is not None:
            self.stderr_thread.join(self._remaining_time(endtime))
            if self.stderr_thread.is_alive():
                raise TimeoutExpired(self.args, orig_timeout)
    
        # Collect the output from and close both pipes, now that we know
        # both have been read successfully.
        stdout = None
        stderr = None
        if self.stdout:
            stdout = self._stdout_buff
            self.stdout.close()
        if self.stderr:
            stderr = self._stderr_buff
            self.stderr.close()
    
        # All data exchanged.  Translate lists into strings.
        if stdout is not None:
>           stdout = stdout[0]
E           IndexError: list index out of range

C:\Users\shok\AppData\Local\Programs\Python\Python37\lib\subprocess.py:1282: IndexError
---------------------------- Captured stderr call -----------------------------
Exception in thread Thread-7:
Traceback (most recent call last):
  File "C:\Users\shok\AppData\Local\Programs\Python\Python37\lib\threading.py", line 917, in _bootstrap_inner
    self.run()
  File "C:\Users\shok\AppData\Local\Programs\Python\Python37\lib\threading.py", line 865, in run
    self._target(*self._args, **self._kwargs)
  File "C:\Users\shok\AppData\Local\Programs\Python\Python37\lib\subprocess.py", line 1232, in _readerthread
    buffer.append(fh.read())
  File "C:\Users\shok\AppData\Local\Programs\Python\Python37\lib\codecs.py", line 322, in decode
    (result, consumed) = self._buffer_decode(data, self.errors, final)
UnicodeDecodeError: 'utf-8' codec can't decode byte 0xef in position 2355: invalid continuation byte


----------- coverage: platform win32, python 3.7.1-final-0 -----------
Name    Stmts   Miss Branch BrPart  Cover   Missing
---------------------------------------------------
---------------------------------------------------
TOTAL    2532      0   1108      0   100%

69 files skipped due to complete coverage.
Coverage HTML written to dir htmlcov

Required test coverage of 100% reached. Total coverage: 100.00%
=================== 1 failed, 8543 passed in 37.08 seconds ====================
